<?xml version="1.0" encoding="UTF-8"?>
<!-- Generated by org.testng.reporters.JUnitReportReporter -->
<testsuite skipped="0" hostname="IVMLAP24-COMP" name="incubyte.testcases.TC003" tests="1" failures="0" timestamp="2021-04-13T01:08:45 IST" time="31.980" errors="0">
  <testcase name="tc003" time="31.980" classname="incubyte.testcases.TC003"/>
  <system-out/>
</testsuite> <!-- incubyte.testcases.TC003 -->
