<?xml version="1.0" encoding="UTF-8"?>
<!-- Generated by org.testng.reporters.JUnitReportReporter -->
<testsuite skipped="0" hostname="IVMLAP24-COMP" name="incubyte.testcases.TC001" tests="1" failures="0" timestamp="2021-04-11T23:54:04 IST" time="9.867" errors="0">
  <testcase name="tc001" time="9.867" classname="incubyte.testcases.TC001"/>
  <system-out/>
</testsuite> <!-- incubyte.testcases.TC001 -->
