<?xml version="1.0" encoding="UTF-8"?>
<!-- Generated by org.testng.reporters.JUnitReportReporter -->
<testsuite skipped="0" hostname="IVMLAP24-COMP" name="incubyte.testcases.TC002" tests="1" failures="0" timestamp="2021-04-12T00:22:34 IST" time="12.721" errors="0">
  <testcase name="tc002" time="12.721" classname="incubyte.testcases.TC002"/>
  <system-out/>
</testsuite> <!-- incubyte.testcases.TC002 -->
