<?xml version="1.0" encoding="UTF-8"?>
<!-- Generated by org.testng.reporters.JUnitReportReporter -->
<testsuite skipped="0" hostname="IVMLAP24-COMP" name="incubyte.testcases.TC003" tests="1" failures="0" timestamp="2021-04-12T01:04:29 IST" time="27.332" errors="0">
  <testcase name="tc003" time="27.332" classname="incubyte.testcases.TC003"/>
  <system-out/>
</testsuite> <!-- incubyte.testcases.TC003 -->
